
Circuit 1 cell sky130_fd_pr__nfet_01v8 and Circuit 2 cell sky130_fd_pr__nfet_01v8 are black boxes.
Warning: Equate pins:  cell sky130_fd_pr__nfet_01v8 is a placeholder, treated as a black box.
Warning: Equate pins:  cell sky130_fd_pr__nfet_01v8 is a placeholder, treated as a black box.

Subcircuit pins:
Circuit 1: sky130_fd_pr__nfet_01v8         |Circuit 2: sky130_fd_pr__nfet_01v8         
-------------------------------------------|-------------------------------------------
1                                          |1                                          
2                                          |2                                          
3                                          |3                                          
4                                          |4                                          
---------------------------------------------------------------------------------------
Cell pin lists are equivalent.
Device classes sky130_fd_pr__nfet_01v8 and sky130_fd_pr__nfet_01v8 are equivalent.
Flattening unmatched subcell JNWATR_NCH_4C5F0 in circuit LELO_EX (1)(5 instances)

Class LELO_EX (0):  Merged 8 parallel devices.
Class LELO_EX (1):  Merged 3 parallel devices.
Subcircuit summary:
Circuit 1: LELO_EX                         |Circuit 2: LELO_EX                         
-------------------------------------------|-------------------------------------------
sky130_fd_pr__nfet_01v8 (10->2)            |sky130_fd_pr__nfet_01v8 (5->2)             
Number of devices: 2                       |Number of devices: 2                       
Number of nets: 3                          |Number of nets: 3                          
---------------------------------------------------------------------------------------
Netlists match uniquely.

Subcircuit pins:
Circuit 1: LELO_EX                         |Circuit 2: LELO_EX                         
-------------------------------------------|-------------------------------------------
VSS                                        |VSS                                        
IBPS_5U                                    |IBPS_5U                                    
IBNS_20U                                   |IBNS_20U                                   
---------------------------------------------------------------------------------------
Cell pin lists are equivalent.
Device classes LELO_EX and LELO_EX are equivalent.

Final result: Circuits match uniquely.
.
