
Circuit 1 cell sky130_fd_pr__nfet_01v8 and Circuit 2 cell sky130_fd_pr__nfet_01v8 are black boxes.
Warning: Equate pins:  cell sky130_fd_pr__nfet_01v8 is a placeholder, treated as a black box.
Warning: Equate pins:  cell sky130_fd_pr__nfet_01v8 is a placeholder, treated as a black box.

Subcircuit pins:
Circuit 1: sky130_fd_pr__nfet_01v8         |Circuit 2: sky130_fd_pr__nfet_01v8         
-------------------------------------------|-------------------------------------------
1                                          |1                                          
2                                          |2                                          
3                                          |3                                          
4                                          |4                                          
---------------------------------------------------------------------------------------
Cell pin lists are equivalent.
Device classes sky130_fd_pr__nfet_01v8 and sky130_fd_pr__nfet_01v8 are equivalent.

Cell JNWATR_NCH_4C5F0 (0) disconnected node: a_160_778#
Cell JNWATR_NCH_4C5F0 (0) disconnected node: a_160_n22#
Cell JNWATR_NCH_4C5F0 (0) disconnected node: a_1056_n40#
Class JNWATR_NCH_4C5F0 (0):  Merged 1 parallel devices.
Cell JNWATR_NCH_4C5F0 (0) disconnected node: a_160_778#
Cell JNWATR_NCH_4C5F0 (0) disconnected node: a_160_n22#
Cell JNWATR_NCH_4C5F0 (0) disconnected node: a_1056_n40#
Subcircuit summary:
Circuit 1: JNWATR_NCH_4C5F0                |Circuit 2: JNWATR_NCH_4C5F0                
-------------------------------------------|-------------------------------------------
sky130_fd_pr__nfet_01v8 (2->1)             |sky130_fd_pr__nfet_01v8 (1)                
Number of devices: 1                       |Number of devices: 1                       
Number of nets: 4                          |Number of nets: 4                          
---------------------------------------------------------------------------------------
Resolving symmetries by property value.
Resolving symmetries by pin name.
Netlists match uniquely with port errors.

Subcircuit pins:
Circuit 1: JNWATR_NCH_4C5F0                |Circuit 2: JNWATR_NCH_4C5F0                
-------------------------------------------|-------------------------------------------
G                                          |G                                          
S                                          |S                                          
D                                          |D                                          
B                                          |B                                          
a_160_778#                                 |(no matching pin)                          
a_160_n22#                                 |(no matching pin)                          
a_1056_n40#                                |(no matching pin)                          
---------------------------------------------------------------------------------------
Cell pin lists are equivalent.
Device classes JNWATR_NCH_4C5F0 and JNWATR_NCH_4C5F0 are equivalent.

Subcircuit summary:
Circuit 1: LELO_EX                         |Circuit 2: LELO_EX                         
-------------------------------------------|-------------------------------------------
JNWATR_NCH_4C5F0 (5)                       |JNWATR_NCH_4C5F0 (5)                       
Number of devices: 5                       |Number of devices: 5                       
Number of nets: 3                          |Number of nets: 3                          
---------------------------------------------------------------------------------------
Resolving symmetries by property value.
Resolving symmetries by pin name.
Resolving symmetries by net name.
Netlists match with 1 symmetry.

Subcircuit pins:
Circuit 1: LELO_EX                         |Circuit 2: LELO_EX                         
-------------------------------------------|-------------------------------------------
VSS                                        |VSS                                        
IBPS_5U                                    |IBPS_5U                                    
IBNS_20U                                   |IBNS_20U                                   
---------------------------------------------------------------------------------------
Cell pin lists are equivalent.
Device classes LELO_EX and LELO_EX are equivalent.

Final result: Circuits match uniquely.
.
